4.0276 	WARNING 	unknown type:participant
4.0277 	WARNING 	unknown type:session
4.7941 	EXP 	Created window1 = Window(allowGUI=False, allowStencil=False, autoLog=True, bitsMode=UNKNOWN, blendMode='avg', color=array([0., 0., 0.]), colorSpace='rgb', fullscr=UNKNOWN, gamma=None, lms=UNKNOWN, monitor=<psychopy.monitors.calibTools.Monitor object at 0x11d768510>, multiSample=False, name='window1', numSamples=2, pos=[0.0, 0.0], screen=0, size=array([2560, 1080]), stereo=False, units=u'norm', useFBO=True, useRetina=True, viewOri=0.0, viewPos=None, viewScale=None, waitBlanking=True, winType='pyglet')
4.7941 	EXP 	window1: recordFrameIntervals = False
4.9601 	EXP 	window1: recordFrameIntervals = True
5.1768 	EXP 	window1: recordFrameIntervals = False
5.2621 	EXP 	Created instrTxt = TextStim(alignHoriz='center', alignVert='center', antialias=True, autoLog=True, bold=False, color=u'white', colorSpace='named', contrast=1.0, depth=0.0, flipHoriz=False, flipVert=False, font=u'Arial', fontFiles=[], height=0.1, italic=False, name='instrTxt', opacity=1.0, ori=0, pos=array([0., 0.]), rgb=array([255., 255., 255.]), text=newstr(...), units=u'norm', win=Window(...), wrapWidth=1)
5.2628 	EXP 	Created interStimInt = TextStim(alignHoriz='center', alignVert='center', antialias=True, autoLog=True, bold=False, color=u'white', colorSpace='named', contrast=1.0, depth=0.0, flipHoriz=False, flipVert=False, font=u'Arial', fontFiles=[], height=0.1, italic=False, name='interStimInt', opacity=1.0, ori=0, pos=array([0., 0.]), rgb=array([255., 255., 255.]), text='', units=u'norm', win=Window(...), wrapWidth=1)
5.2738 	EXP 	Created text = TextStim(alignHoriz='center', alignVert='center', antialias=True, autoLog=True, bold=False, color=u'white', colorSpace='named', contrast=1.0, depth=0.0, flipHoriz=False, flipVert=False, font=u'Arial', fontFiles=[], height=0.1, italic=False, name='text', opacity=1.0, ori=0, pos=array([0., 0.]), rgb=array([255., 255., 255.]), text='default text', units=u'norm', win=Window(...), wrapWidth=1)
5.2851 	EXP 	instrTxt: autoDraw = True
5.5948 	DATA 	Mouse: Left button down, pos=(1335,539)
5.6788 	DATA 	Mouse:  Left button up, pos=(1335,539)
6.4323 	DATA 	Keypress: space
6.4510 	EXP 	Imported stimuli.xlsx as conditions, 37 conditions, 2 params
6.4518 	EXP 	Created sequence: random, trialTypes=37, nReps=15, seed=None
6.4523 	EXP 	New trial (rep=0, index=0): OrderedDict([(u'stimulus', u'Q'), (u'category', u'letter')])
6.4611 	EXP 	instrTxt: autoDraw = False
6.4611 	EXP 	interStimInt: autoDraw = True
6.4944 	EXP 	interStimInt: autoDraw = False
6.4944 	EXP 	text: text = u'Q'
6.4944 	EXP 	text: autoDraw = True
6.5299 	EXP 	New trial (rep=0, index=1): OrderedDict([(u'stimulus', u'N'), (u'category', u'letter')])
6.5444 	EXP 	text: autoDraw = False
6.5444 	EXP 	interStimInt: autoDraw = True
6.5777 	EXP 	interStimInt: autoDraw = False
6.5777 	EXP 	text: text = u'N'
6.5777 	EXP 	text: autoDraw = True
6.6117 	EXP 	New trial (rep=0, index=2): OrderedDict([(u'stimulus', 4), (u'category', u'number')])
6.6295 	EXP 	text: autoDraw = False
6.6295 	EXP 	interStimInt: autoDraw = True
6.6610 	EXP 	interStimInt: autoDraw = False
6.6610 	EXP 	text: text = 4
6.6610 	EXP 	text: autoDraw = True
6.6949 	EXP 	New trial (rep=0, index=3): OrderedDict([(u'stimulus', u'D'), (u'category', u'letter')])
6.7110 	EXP 	text: autoDraw = False
6.7110 	EXP 	interStimInt: autoDraw = True
6.7445 	EXP 	interStimInt: autoDraw = False
6.7445 	EXP 	text: text = u'D'
6.7445 	EXP 	text: autoDraw = True
6.7780 	EXP 	New trial (rep=0, index=4): OrderedDict([(u'stimulus', u'R'), (u'category', u'letter')])
6.7943 	EXP 	text: autoDraw = False
6.7943 	EXP 	interStimInt: autoDraw = True
6.8277 	EXP 	interStimInt: autoDraw = False
6.8277 	EXP 	text: text = u'R'
6.8277 	EXP 	text: autoDraw = True
6.8615 	EXP 	New trial (rep=0, index=5): OrderedDict([(u'stimulus', u'W'), (u'category', u'letter')])
6.8776 	EXP 	text: autoDraw = False
6.8776 	EXP 	interStimInt: autoDraw = True
6.9114 	EXP 	interStimInt: autoDraw = False
6.9114 	EXP 	text: text = u'W'
6.9114 	EXP 	text: autoDraw = True
6.9467 	EXP 	New trial (rep=0, index=6): OrderedDict([(u'stimulus', u'T'), (u'category', u'letter')])
6.9612 	EXP 	text: autoDraw = False
6.9612 	EXP 	interStimInt: autoDraw = True
6.9943 	EXP 	interStimInt: autoDraw = False
6.9943 	EXP 	text: text = u'T'
6.9943 	EXP 	text: autoDraw = True
7.0282 	EXP 	New trial (rep=0, index=7): OrderedDict([(u'stimulus', u'G'), (u'category', u'letter')])
7.0462 	EXP 	text: autoDraw = False
7.0462 	EXP 	interStimInt: autoDraw = True
7.0776 	EXP 	interStimInt: autoDraw = False
7.0776 	EXP 	text: text = u'G'
7.0776 	EXP 	text: autoDraw = True
7.1116 	EXP 	New trial (rep=0, index=8): OrderedDict([(u'stimulus', u'X'), (u'category', u'letter')])
7.1277 	EXP 	text: autoDraw = False
7.1277 	EXP 	interStimInt: autoDraw = True
7.1611 	EXP 	interStimInt: autoDraw = False
7.1611 	EXP 	text: text = u'X'
7.1611 	EXP 	text: autoDraw = True
7.1948 	EXP 	New trial (rep=0, index=9): OrderedDict([(u'stimulus', u'I'), (u'category', u'letter')])
7.2110 	EXP 	text: autoDraw = False
7.2110 	EXP 	interStimInt: autoDraw = True
7.2458 	EXP 	interStimInt: autoDraw = False
7.2458 	EXP 	text: text = u'I'
7.2458 	EXP 	text: autoDraw = True
7.2783 	EXP 	New trial (rep=0, index=10): OrderedDict([(u'stimulus', u'Z'), (u'category', u'letter')])
7.2944 	EXP 	text: autoDraw = False
7.2944 	EXP 	interStimInt: autoDraw = True
7.3278 	EXP 	interStimInt: autoDraw = False
7.3278 	EXP 	text: text = u'Z'
7.3278 	EXP 	text: autoDraw = True
7.3614 	EXP 	New trial (rep=0, index=11): OrderedDict([(u'stimulus', u'K'), (u'category', u'letter')])
7.3777 	EXP 	text: autoDraw = False
7.3777 	EXP 	interStimInt: autoDraw = True
7.4112 	EXP 	interStimInt: autoDraw = False
7.4112 	EXP 	text: text = u'K'
7.4112 	EXP 	text: autoDraw = True
7.4470 	EXP 	New trial (rep=0, index=12): OrderedDict([(u'stimulus', u'M'), (u'category', u'letter')])
7.4610 	EXP 	text: autoDraw = False
7.4610 	EXP 	interStimInt: autoDraw = True
7.4945 	EXP 	interStimInt: autoDraw = False
7.4945 	EXP 	text: text = u'M'
7.4945 	EXP 	text: autoDraw = True
7.5283 	EXP 	New trial (rep=0, index=13): OrderedDict([(u'stimulus', u'O'), (u'category', u'letter')])
7.5465 	EXP 	text: autoDraw = False
7.5465 	EXP 	interStimInt: autoDraw = True
7.5777 	EXP 	interStimInt: autoDraw = False
7.5777 	EXP 	text: text = u'O'
7.5777 	EXP 	text: autoDraw = True
7.6117 	EXP 	New trial (rep=0, index=14): OrderedDict([(u'stimulus', 3), (u'category', u'number')])
7.6280 	EXP 	text: autoDraw = False
7.6280 	EXP 	interStimInt: autoDraw = True
7.6611 	EXP 	interStimInt: autoDraw = False
7.6611 	EXP 	text: text = 3
7.6611 	EXP 	text: autoDraw = True
7.6947 	EXP 	New trial (rep=0, index=15): OrderedDict([(u'stimulus', u'J'), (u'category', u'letter')])
7.7110 	EXP 	text: autoDraw = False
7.7110 	EXP 	interStimInt: autoDraw = True
7.7463 	EXP 	interStimInt: autoDraw = False
7.7463 	EXP 	text: text = u'J'
7.7463 	EXP 	text: autoDraw = True
7.7782 	EXP 	New trial (rep=0, index=16): OrderedDict([(u'stimulus', 9), (u'category', u'number')])
7.7944 	EXP 	text: autoDraw = False
7.7944 	EXP 	interStimInt: autoDraw = True
7.8277 	EXP 	interStimInt: autoDraw = False
7.8277 	EXP 	text: text = 9
7.8277 	EXP 	text: autoDraw = True
7.8615 	EXP 	New trial (rep=0, index=17): OrderedDict([(u'stimulus', u'F'), (u'category', u'letter')])
7.8778 	EXP 	text: autoDraw = False
7.8778 	EXP 	interStimInt: autoDraw = True
7.9112 	EXP 	interStimInt: autoDraw = False
7.9112 	EXP 	interStimInt: autoDraw = False
7.9112 	EXP 	text: text = u'F'
7.9112 	EXP 	text: autoDraw = True
7.9465 	EXP 	New trial (rep=0, index=18): OrderedDict([(u'stimulus', u'A'), (u'category', u'letter')])
7.9611 	EXP 	text: autoDraw = False
7.9611 	EXP 	interStimInt: autoDraw = True
7.9945 	EXP 	interStimInt: autoDraw = False
7.9945 	EXP 	interStimInt: autoDraw = False
7.9945 	EXP 	text: text = u'A'
7.9945 	EXP 	text: autoDraw = True
8.0285 	EXP 	New trial (rep=0, index=19): OrderedDict([(u'stimulus', u'V'), (u'category', u'letter')])
8.0462 	EXP 	text: autoDraw = False
8.0462 	EXP 	text: autoDraw = False
8.0462 	EXP 	interStimInt: autoDraw = True
8.0778 	EXP 	interStimInt: autoDraw = False
8.0778 	EXP 	interStimInt: autoDraw = False
8.0778 	EXP 	text: text = u'V'
8.0778 	EXP 	text: autoDraw = True
8.1118 	EXP 	New trial (rep=0, index=20): OrderedDict([(u'stimulus', 5), (u'category', u'number')])
8.1278 	EXP 	text: autoDraw = False
8.1278 	EXP 	text: autoDraw = False
8.1278 	EXP 	interStimInt: autoDraw = True
8.1626 	EXP 	interStimInt: autoDraw = False
8.1626 	EXP 	interStimInt: autoDraw = False
8.1626 	EXP 	text: text = 5
8.1626 	EXP 	text: autoDraw = True
8.1951 	EXP 	New trial (rep=0, index=21): OrderedDict([(u'stimulus', 1), (u'category', u'number')])
8.2111 	EXP 	text: autoDraw = False
8.2111 	EXP 	text: autoDraw = False
8.2111 	EXP 	interStimInt: autoDraw = True
8.2445 	EXP 	interStimInt: autoDraw = False
8.2445 	EXP 	interStimInt: autoDraw = False
8.2445 	EXP 	text: text = 1
8.2445 	EXP 	text: autoDraw = True
8.2785 	EXP 	New trial (rep=0, index=22): OrderedDict([(u'stimulus', u'L'), (u'category', u'letter')])
8.2944 	EXP 	text: autoDraw = False
8.2944 	EXP 	text: autoDraw = False
8.2944 	EXP 	interStimInt: autoDraw = True
8.3278 	EXP 	interStimInt: autoDraw = False
8.3278 	EXP 	interStimInt: autoDraw = False
8.3278 	EXP 	text: text = u'L'
8.3278 	EXP 	text: autoDraw = True
8.3639 	EXP 	New trial (rep=0, index=23): OrderedDict([(u'stimulus', 8), (u'category', u'number')])
8.3778 	EXP 	text: autoDraw = False
8.3778 	EXP 	text: autoDraw = False
8.3778 	EXP 	interStimInt: autoDraw = True
8.4112 	EXP 	interStimInt: autoDraw = False
8.4112 	EXP 	interStimInt: autoDraw = False
8.4112 	EXP 	text: text = 8
8.4112 	EXP 	text: autoDraw = True
8.4450 	EXP 	New trial (rep=0, index=24): OrderedDict([(u'stimulus', 2), (u'category', u'number')])
8.4632 	EXP 	text: autoDraw = False
8.4632 	EXP 	text: autoDraw = False
8.4632 	EXP 	interStimInt: autoDraw = True
8.4945 	EXP 	interStimInt: autoDraw = False
8.4945 	EXP 	interStimInt: autoDraw = False
8.4945 	EXP 	text: text = 2
8.4945 	EXP 	text: autoDraw = True
8.5287 	EXP 	New trial (rep=0, index=25): OrderedDict([(u'stimulus', 6), (u'category', u'number')])
8.5445 	EXP 	text: autoDraw = False
8.5445 	EXP 	text: autoDraw = False
8.5445 	EXP 	interStimInt: autoDraw = True
8.5779 	EXP 	interStimInt: autoDraw = False
8.5779 	EXP 	interStimInt: autoDraw = False
8.5779 	EXP 	text: text = 6
8.5779 	EXP 	text: autoDraw = True
8.6115 	EXP 	New trial (rep=0, index=26): OrderedDict([(u'stimulus', None), (u'category', u'blank')])
8.6279 	EXP 	text: autoDraw = False
8.6279 	EXP 	text: autoDraw = False
8.6279 	EXP 	interStimInt: autoDraw = True
8.6631 	EXP 	interStimInt: autoDraw = False
8.6631 	EXP 	interStimInt: autoDraw = False
8.6631 	EXP 	text: text = '6'
8.6631 	EXP 	text: autoDraw = True
8.6952 	EXP 	New trial (rep=0, index=27): OrderedDict([(u'stimulus', u'Y'), (u'category', u'letter')])
8.7111 	EXP 	text: autoDraw = False
8.7111 	EXP 	text: autoDraw = False
8.7111 	EXP 	interStimInt: autoDraw = True
8.7444 	EXP 	interStimInt: autoDraw = False
8.7444 	EXP 	interStimInt: autoDraw = False
8.7444 	EXP 	text: text = u'Y'
8.7444 	EXP 	text: autoDraw = True
8.7785 	EXP 	New trial (rep=0, index=28): OrderedDict([(u'stimulus', u'C'), (u'category', u'letter')])
8.7945 	EXP 	text: autoDraw = False
8.7945 	EXP 	text: autoDraw = False
8.7945 	EXP 	interStimInt: autoDraw = True
8.8278 	EXP 	interStimInt: autoDraw = False
8.8278 	EXP 	interStimInt: autoDraw = False
8.8278 	EXP 	text: text = u'C'
8.8278 	EXP 	text: autoDraw = True
8.8637 	EXP 	New trial (rep=0, index=29): OrderedDict([(u'stimulus', u'S'), (u'category', u'letter')])
8.8778 	EXP 	text: autoDraw = False
8.8778 	EXP 	text: autoDraw = False
8.8778 	EXP 	interStimInt: autoDraw = True
8.9113 	EXP 	interStimInt: autoDraw = False
8.9113 	EXP 	interStimInt: autoDraw = False
8.9113 	EXP 	text: text = u'S'
8.9113 	EXP 	text: autoDraw = True
8.9450 	EXP 	New trial (rep=0, index=30): OrderedDict([(u'stimulus', u'E'), (u'category', u'letter')])
8.9631 	EXP 	text: autoDraw = False
8.9631 	EXP 	text: autoDraw = False
8.9631 	EXP 	interStimInt: autoDraw = True
8.9947 	EXP 	interStimInt: autoDraw = False
8.9947 	EXP 	interStimInt: autoDraw = False
8.9947 	EXP 	text: text = u'E'
8.9947 	EXP 	text: autoDraw = True
9.0286 	EXP 	New trial (rep=0, index=31): OrderedDict([(u'stimulus', u'B'), (u'category', u'letter')])
9.0444 	EXP 	text: autoDraw = False
9.0444 	EXP 	text: autoDraw = False
9.0444 	EXP 	interStimInt: autoDraw = True
9.0778 	EXP 	interStimInt: autoDraw = False
9.0778 	EXP 	interStimInt: autoDraw = False
9.0778 	EXP 	text: text = u'B'
9.0778 	EXP 	text: autoDraw = True
9.1120 	EXP 	New trial (rep=0, index=32): OrderedDict([(u'stimulus', 7), (u'category', u'number')])
9.1280 	EXP 	text: autoDraw = False
9.1280 	EXP 	text: autoDraw = False
9.1280 	EXP 	interStimInt: autoDraw = True
9.1631 	EXP 	interStimInt: autoDraw = False
9.1631 	EXP 	interStimInt: autoDraw = False
9.1631 	EXP 	text: text = 7
9.1631 	EXP 	text: autoDraw = True
9.1952 	EXP 	New trial (rep=0, index=33): OrderedDict([(u'stimulus', u'P'), (u'category', u'letter')])
9.2112 	EXP 	text: autoDraw = False
9.2112 	EXP 	text: autoDraw = False
9.2112 	EXP 	interStimInt: autoDraw = True
9.2446 	EXP 	interStimInt: autoDraw = False
9.2446 	EXP 	interStimInt: autoDraw = False
9.2446 	EXP 	text: text = u'P'
9.2446 	EXP 	text: autoDraw = True
9.2781 	EXP 	New trial (rep=0, index=34): OrderedDict([(u'stimulus', u'probe'), (u'category', u'probe')])
9.2945 	EXP 	text: autoDraw = False
9.2945 	EXP 	text: autoDraw = False
9.2945 	EXP 	interStimInt: autoDraw = True
9.3279 	EXP 	interStimInt: autoDraw = False
9.3279 	EXP 	interStimInt: autoDraw = False
9.3279 	EXP 	text: text = u'probe'
9.3279 	EXP 	text: autoDraw = True
9.3633 	EXP 	New trial (rep=0, index=35): OrderedDict([(u'stimulus', u'U'), (u'category', u'letter')])
9.3779 	EXP 	text: autoDraw = False
9.3779 	EXP 	text: autoDraw = False
9.3779 	EXP 	interStimInt: autoDraw = True
9.4113 	EXP 	interStimInt: autoDraw = False
9.4113 	EXP 	interStimInt: autoDraw = False
9.4113 	EXP 	text: text = u'U'
9.4113 	EXP 	text: autoDraw = True
9.4451 	EXP 	New trial (rep=0, index=36): OrderedDict([(u'stimulus', u'H'), (u'category', u'letter')])
9.4612 	EXP 	text: autoDraw = False
9.4612 	EXP 	text: autoDraw = False
9.4612 	EXP 	interStimInt: autoDraw = True
9.4946 	EXP 	interStimInt: autoDraw = False
9.4946 	EXP 	interStimInt: autoDraw = False
9.4946 	EXP 	text: text = u'H'
9.4946 	EXP 	text: autoDraw = True
9.5286 	EXP 	New trial (rep=1, index=0): OrderedDict([(u'stimulus', u'O'), (u'category', u'letter')])
9.5445 	EXP 	text: autoDraw = False
9.5445 	EXP 	text: autoDraw = False
9.5445 	EXP 	interStimInt: autoDraw = True
9.5797 	EXP 	interStimInt: autoDraw = False
9.5797 	EXP 	interStimInt: autoDraw = False
9.5797 	EXP 	text: text = u'O'
9.5797 	EXP 	text: autoDraw = True
9.6118 	EXP 	New trial (rep=1, index=1): OrderedDict([(u'stimulus', 5), (u'category', u'number')])
9.6280 	EXP 	text: autoDraw = False
9.6280 	EXP 	text: autoDraw = False
9.6280 	EXP 	interStimInt: autoDraw = True
9.6612 	EXP 	interStimInt: autoDraw = False
9.6612 	EXP 	interStimInt: autoDraw = False
9.6612 	EXP 	text: text = 5
9.6612 	EXP 	text: autoDraw = True
9.6951 	EXP 	New trial (rep=1, index=2): OrderedDict([(u'stimulus', u'F'), (u'category', u'letter')])
9.7114 	EXP 	text: autoDraw = False
9.7114 	EXP 	text: autoDraw = False
9.7114 	EXP 	interStimInt: autoDraw = True
9.7445 	EXP 	interStimInt: autoDraw = False
9.7445 	EXP 	interStimInt: autoDraw = False
9.7445 	EXP 	text: text = u'F'
9.7445 	EXP 	text: autoDraw = True
9.7805 	EXP 	New trial (rep=1, index=3): OrderedDict([(u'stimulus', u'I'), (u'category', u'letter')])
9.7948 	EXP 	text: autoDraw = False
9.7948 	EXP 	text: autoDraw = False
9.7948 	EXP 	interStimInt: autoDraw = True
9.8280 	EXP 	interStimInt: autoDraw = False
9.8280 	EXP 	interStimInt: autoDraw = False
9.8280 	EXP 	text: text = u'I'
9.8280 	EXP 	text: autoDraw = True
9.8617 	EXP 	New trial (rep=1, index=4): OrderedDict([(u'stimulus', 8), (u'category', u'number')])
9.8797 	EXP 	text: autoDraw = False
9.8797 	EXP 	text: autoDraw = False
9.8797 	EXP 	interStimInt: autoDraw = True
9.9112 	EXP 	interStimInt: autoDraw = False
9.9112 	EXP 	interStimInt: autoDraw = False
9.9112 	EXP 	text: text = 8
9.9112 	EXP 	text: autoDraw = True
9.9452 	EXP 	New trial (rep=1, index=5): OrderedDict([(u'stimulus', None), (u'category', u'blank')])
9.9612 	EXP 	text: autoDraw = False
9.9612 	EXP 	text: autoDraw = False
9.9612 	EXP 	interStimInt: autoDraw = True
9.9946 	EXP 	interStimInt: autoDraw = False
9.9946 	EXP 	interStimInt: autoDraw = False
9.9946 	EXP 	text: text = '8'
9.9946 	EXP 	text: autoDraw = True
10.0288 	EXP 	New trial (rep=1, index=6): OrderedDict([(u'stimulus', u'B'), (u'category', u'letter')])
10.0446 	EXP 	text: autoDraw = False
10.0446 	EXP 	text: autoDraw = False
10.0446 	EXP 	interStimInt: autoDraw = True
10.0799 	EXP 	interStimInt: autoDraw = False
10.0799 	EXP 	interStimInt: autoDraw = False
10.0799 	EXP 	text: text = u'B'
10.0799 	EXP 	text: autoDraw = True
10.1119 	EXP 	New trial (rep=1, index=7): OrderedDict([(u'stimulus', 6), (u'category', u'number')])
10.1280 	EXP 	text: autoDraw = False
10.1280 	EXP 	text: autoDraw = False
10.1280 	EXP 	interStimInt: autoDraw = True
10.1612 	EXP 	interStimInt: autoDraw = False
10.1612 	EXP 	interStimInt: autoDraw = False
10.1612 	EXP 	text: text = 6
10.1612 	EXP 	text: autoDraw = True
10.1953 	EXP 	New trial (rep=1, index=8): OrderedDict([(u'stimulus', u'Z'), (u'category', u'letter')])
10.2112 	EXP 	text: autoDraw = False
10.2112 	EXP 	text: autoDraw = False
10.2112 	EXP 	interStimInt: autoDraw = True
10.2446 	EXP 	interStimInt: autoDraw = False
10.2446 	EXP 	interStimInt: autoDraw = False
10.2446 	EXP 	text: text = u'Z'
10.2446 	EXP 	text: autoDraw = True
10.2806 	EXP 	New trial (rep=1, index=9): OrderedDict([(u'stimulus', 4), (u'category', u'number')])
10.2947 	EXP 	text: autoDraw = False
10.2947 	EXP 	text: autoDraw = False
10.2947 	EXP 	interStimInt: autoDraw = True
10.3280 	EXP 	interStimInt: autoDraw = False
10.3280 	EXP 	interStimInt: autoDraw = False
10.3280 	EXP 	text: text = 4
10.3280 	EXP 	text: autoDraw = True
10.3619 	EXP 	New trial (rep=1, index=10): OrderedDict([(u'stimulus', u'Y'), (u'category', u'letter')])
10.3796 	EXP 	text: autoDraw = False
10.3796 	EXP 	text: autoDraw = False
10.3796 	EXP 	interStimInt: autoDraw = True
10.4113 	EXP 	interStimInt: autoDraw = False
10.4113 	EXP 	interStimInt: autoDraw = False
10.4113 	EXP 	text: text = u'Y'
10.4113 	EXP 	text: autoDraw = True
10.4453 	EXP 	New trial (rep=1, index=11): OrderedDict([(u'stimulus', u'M'), (u'category', u'letter')])
10.4612 	EXP 	text: autoDraw = False
10.4612 	EXP 	text: autoDraw = False
10.4612 	EXP 	interStimInt: autoDraw = True
10.4947 	EXP 	interStimInt: autoDraw = False
10.4947 	EXP 	interStimInt: autoDraw = False
10.4947 	EXP 	text: text = u'M'
10.4947 	EXP 	text: autoDraw = True
10.5288 	EXP 	New trial (rep=1, index=12): OrderedDict([(u'stimulus', u'L'), (u'category', u'letter')])
10.5445 	EXP 	text: autoDraw = False
10.5445 	EXP 	text: autoDraw = False
10.5445 	EXP 	interStimInt: autoDraw = True
10.5799 	EXP 	interStimInt: autoDraw = False
10.5799 	EXP 	interStimInt: autoDraw = False
10.5799 	EXP 	text: text = u'L'
10.5799 	EXP 	text: autoDraw = True
10.6120 	EXP 	New trial (rep=1, index=13): OrderedDict([(u'stimulus', u'H'), (u'category', u'letter')])
10.6280 	EXP 	text: autoDraw = False
10.6280 	EXP 	text: autoDraw = False
10.6280 	EXP 	interStimInt: autoDraw = True
10.6613 	EXP 	interStimInt: autoDraw = False
10.6613 	EXP 	interStimInt: autoDraw = False
10.6613 	EXP 	text: text = u'H'
10.6613 	EXP 	text: autoDraw = True
10.6953 	EXP 	New trial (rep=1, index=14): OrderedDict([(u'stimulus', u'D'), (u'category', u'letter')])
10.7113 	EXP 	text: autoDraw = False
10.7113 	EXP 	text: autoDraw = False
10.7113 	EXP 	interStimInt: autoDraw = True
10.7446 	EXP 	interStimInt: autoDraw = False
10.7446 	EXP 	interStimInt: autoDraw = False
10.7446 	EXP 	text: text = u'D'
10.7446 	EXP 	text: autoDraw = True
10.7799 	EXP 	New trial (rep=1, index=15): OrderedDict([(u'stimulus', 9), (u'category', u'number')])
10.7948 	EXP 	text: autoDraw = False
10.7948 	EXP 	text: autoDraw = False
10.7948 	EXP 	interStimInt: autoDraw = True
10.8280 	EXP 	interStimInt: autoDraw = False
10.8280 	EXP 	interStimInt: autoDraw = False
10.8280 	EXP 	text: text = 9
10.8280 	EXP 	text: autoDraw = True
10.8619 	EXP 	New trial (rep=1, index=16): OrderedDict([(u'stimulus', 7), (u'category', u'number')])
10.8797 	EXP 	text: autoDraw = False
10.8797 	EXP 	text: autoDraw = False
10.8797 	EXP 	interStimInt: autoDraw = True
10.9113 	EXP 	interStimInt: autoDraw = False
10.9113 	EXP 	interStimInt: autoDraw = False
10.9113 	EXP 	text: text = 7
10.9113 	EXP 	text: autoDraw = True
10.9455 	EXP 	New trial (rep=1, index=17): OrderedDict([(u'stimulus', 3), (u'category', u'number')])
10.9613 	EXP 	text: autoDraw = False
10.9613 	EXP 	text: autoDraw = False
10.9613 	EXP 	interStimInt: autoDraw = True
10.9967 	EXP 	interStimInt: autoDraw = False
10.9967 	EXP 	interStimInt: autoDraw = False
10.9967 	EXP 	text: text = 3
10.9967 	EXP 	text: autoDraw = True
10.9974 	DATA 	Keypress: lctrl
11.0289 	EXP 	New trial (rep=1, index=18): OrderedDict([(u'stimulus', u'V'), (u'category', u'letter')])
11.0447 	EXP 	text: autoDraw = False
11.0447 	EXP 	text: autoDraw = False
11.0447 	EXP 	interStimInt: autoDraw = True
11.0780 	EXP 	interStimInt: autoDraw = False
11.0780 	EXP 	interStimInt: autoDraw = False
11.0780 	EXP 	text: text = u'V'
11.0780 	EXP 	text: autoDraw = True
11.1121 	EXP 	New trial (rep=1, index=19): OrderedDict([(u'stimulus', u'probe'), (u'category', u'probe')])
11.1280 	EXP 	text: autoDraw = False
11.1280 	EXP 	text: autoDraw = False
11.1280 	EXP 	interStimInt: autoDraw = True
11.1613 	EXP 	interStimInt: autoDraw = False
11.1613 	EXP 	interStimInt: autoDraw = False
11.1613 	EXP 	text: text = u'probe'
11.1613 	EXP 	text: autoDraw = True
11.1973 	EXP 	New trial (rep=1, index=20): OrderedDict([(u'stimulus', u'T'), (u'category', u'letter')])
11.2114 	EXP 	text: autoDraw = False
11.2114 	EXP 	text: autoDraw = False
11.2114 	EXP 	interStimInt: autoDraw = True
11.2447 	EXP 	interStimInt: autoDraw = False
11.2447 	EXP 	interStimInt: autoDraw = False
11.2447 	EXP 	text: text = u'T'
11.2447 	EXP 	text: autoDraw = True
11.2785 	EXP 	New trial (rep=1, index=21): OrderedDict([(u'stimulus', u'S'), (u'category', u'letter')])
11.2964 	EXP 	text: autoDraw = False
11.2964 	EXP 	text: autoDraw = False
11.2964 	EXP 	interStimInt: autoDraw = True
11.3275 	EXP 	interStimInt: autoDraw = False
11.3275 	EXP 	interStimInt: autoDraw = False
11.3275 	EXP 	text: text = u'S'
11.3275 	EXP 	text: autoDraw = True
11.3459 	DATA 	Keypress: c
11.3620 	EXP 	New trial (rep=1, index=22): OrderedDict([(u'stimulus', u'N'), (u'category', u'letter')])
11.3779 	EXP 	text: autoDraw = False
11.3779 	EXP 	text: autoDraw = False
11.3779 	EXP 	interStimInt: autoDraw = True
11.4114 	EXP 	interStimInt: autoDraw = False
11.4114 	EXP 	interStimInt: autoDraw = False
11.4114 	EXP 	text: text = u'N'
11.4114 	EXP 	text: autoDraw = True
11.4453 	EXP 	New trial (rep=1, index=23): OrderedDict([(u'stimulus', u'U'), (u'category', u'letter')])
11.4613 	EXP 	text: autoDraw = False
11.4613 	EXP 	text: autoDraw = False
11.4613 	EXP 	interStimInt: autoDraw = True
11.4965 	EXP 	interStimInt: autoDraw = False
11.4965 	EXP 	interStimInt: autoDraw = False
11.4965 	EXP 	text: text = u'U'
11.4965 	EXP 	text: autoDraw = True
11.5289 	EXP 	New trial (rep=1, index=24): OrderedDict([(u'stimulus', u'G'), (u'category', u'letter')])
11.5447 	EXP 	text: autoDraw = False
11.5447 	EXP 	text: autoDraw = False
11.5447 	EXP 	interStimInt: autoDraw = True
11.5780 	EXP 	interStimInt: autoDraw = False
11.5780 	EXP 	interStimInt: autoDraw = False
11.5780 	EXP 	text: text = u'G'
11.5780 	EXP 	text: autoDraw = True
11.6122 	EXP 	New trial (rep=1, index=25): OrderedDict([(u'stimulus', u'R'), (u'category', u'letter')])
11.6281 	EXP 	text: autoDraw = False
11.6281 	EXP 	text: autoDraw = False
11.6281 	EXP 	interStimInt: autoDraw = True
11.6617 	EXP 	interStimInt: autoDraw = False
11.6617 	EXP 	interStimInt: autoDraw = False
11.6617 	EXP 	text: text = u'R'
11.6617 	EXP 	text: autoDraw = True
11.6975 	EXP 	New trial (rep=1, index=26): OrderedDict([(u'stimulus', u'X'), (u'category', u'letter')])
11.7117 	EXP 	text: autoDraw = False
11.7117 	EXP 	text: autoDraw = False
11.7117 	EXP 	interStimInt: autoDraw = True
11.7447 	EXP 	interStimInt: autoDraw = False
11.7447 	EXP 	interStimInt: autoDraw = False
11.7447 	EXP 	text: text = u'X'
11.7447 	EXP 	text: autoDraw = True
11.7780 	EXP 	New trial (rep=1, index=27): OrderedDict([(u'stimulus', 2), (u'category', u'number')])
11.7966 	EXP 	text: autoDraw = False
11.7966 	EXP 	text: autoDraw = False
11.7966 	EXP 	interStimInt: autoDraw = True
11.8281 	EXP 	interStimInt: autoDraw = False
11.8281 	EXP 	interStimInt: autoDraw = False
11.8281 	EXP 	text: text = 2
11.8281 	EXP 	text: autoDraw = True
11.8619 	EXP 	New trial (rep=1, index=28): OrderedDict([(u'stimulus', u'K'), (u'category', u'letter')])
11.8779 	EXP 	text: autoDraw = False
11.8779 	EXP 	text: autoDraw = False
11.8779 	EXP 	interStimInt: autoDraw = True
11.9114 	EXP 	interStimInt: autoDraw = False
11.9114 	EXP 	interStimInt: autoDraw = False
11.9114 	EXP 	text: text = u'K'
11.9114 	EXP 	text: autoDraw = True
11.9453 	EXP 	New trial (rep=1, index=29): OrderedDict([(u'stimulus', u'E'), (u'category', u'letter')])
11.9615 	EXP 	text: autoDraw = False
11.9615 	EXP 	text: autoDraw = False
11.9615 	EXP 	interStimInt: autoDraw = True
11.9966 	EXP 	interStimInt: autoDraw = False
11.9966 	EXP 	interStimInt: autoDraw = False
11.9966 	EXP 	text: text = u'E'
11.9966 	EXP 	text: autoDraw = True
12.0289 	EXP 	New trial (rep=1, index=30): OrderedDict([(u'stimulus', u'Q'), (u'category', u'letter')])
12.0447 	EXP 	text: autoDraw = False
12.0447 	EXP 	text: autoDraw = False
12.0447 	EXP 	interStimInt: autoDraw = True
12.0780 	EXP 	interStimInt: autoDraw = False
12.0780 	EXP 	interStimInt: autoDraw = False
12.0780 	EXP 	text: text = u'Q'
12.0780 	EXP 	text: autoDraw = True
12.1121 	EXP 	New trial (rep=1, index=31): OrderedDict([(u'stimulus', 1), (u'category', u'number')])
12.1282 	EXP 	text: autoDraw = False
12.1282 	EXP 	text: autoDraw = False
12.1282 	EXP 	interStimInt: autoDraw = True
12.1614 	EXP 	interStimInt: autoDraw = False
12.1614 	EXP 	interStimInt: autoDraw = False
12.1614 	EXP 	text: text = 1
12.1614 	EXP 	text: autoDraw = True
12.1971 	EXP 	New trial (rep=1, index=32): OrderedDict([(u'stimulus', u'J'), (u'category', u'letter')])
12.2114 	EXP 	text: autoDraw = False
12.2114 	EXP 	text: autoDraw = False
12.2114 	EXP 	interStimInt: autoDraw = True
12.2447 	EXP 	interStimInt: autoDraw = False
12.2447 	EXP 	interStimInt: autoDraw = False
12.2447 	EXP 	text: text = u'J'
12.2447 	EXP 	text: autoDraw = True
12.2788 	EXP 	New trial (rep=1, index=33): OrderedDict([(u'stimulus', u'A'), (u'category', u'letter')])
12.2964 	EXP 	text: autoDraw = False
12.2964 	EXP 	text: autoDraw = False
12.2964 	EXP 	interStimInt: autoDraw = True
12.3280 	EXP 	interStimInt: autoDraw = False
12.3280 	EXP 	interStimInt: autoDraw = False
12.3280 	EXP 	text: text = u'A'
12.3280 	EXP 	text: autoDraw = True
12.3623 	EXP 	New trial (rep=1, index=34): OrderedDict([(u'stimulus', u'W'), (u'category', u'letter')])
12.3780 	EXP 	text: autoDraw = False
12.3780 	EXP 	text: autoDraw = False
12.3780 	EXP 	interStimInt: autoDraw = True
12.4133 	EXP 	interStimInt: autoDraw = False
12.4133 	EXP 	interStimInt: autoDraw = False
12.4133 	EXP 	text: text = u'W'
12.4133 	EXP 	text: autoDraw = True
12.4453 	EXP 	New trial (rep=1, index=35): OrderedDict([(u'stimulus', u'P'), (u'category', u'letter')])
12.4614 	EXP 	text: autoDraw = False
12.4614 	EXP 	text: autoDraw = False
12.4614 	EXP 	interStimInt: autoDraw = True
12.4948 	EXP 	interStimInt: autoDraw = False
12.4948 	EXP 	interStimInt: autoDraw = False
12.4948 	EXP 	text: text = u'P'
12.4948 	EXP 	text: autoDraw = True
12.5289 	EXP 	New trial (rep=1, index=36): OrderedDict([(u'stimulus', u'C'), (u'category', u'letter')])
12.5447 	EXP 	text: autoDraw = False
12.5447 	EXP 	text: autoDraw = False
12.5447 	EXP 	interStimInt: autoDraw = True
12.5781 	EXP 	interStimInt: autoDraw = False
12.5781 	EXP 	interStimInt: autoDraw = False
12.5781 	EXP 	text: text = u'C'
12.5781 	EXP 	text: autoDraw = True
12.6142 	EXP 	New trial (rep=2, index=0): OrderedDict([(u'stimulus', u'C'), (u'category', u'letter')])
12.6282 	EXP 	text: autoDraw = False
12.6282 	EXP 	text: autoDraw = False
12.6282 	EXP 	interStimInt: autoDraw = True
12.6614 	EXP 	interStimInt: autoDraw = False
12.6614 	EXP 	interStimInt: autoDraw = False
12.6614 	EXP 	text: text = u'C'
12.6614 	EXP 	text: autoDraw = True
12.6953 	EXP 	New trial (rep=2, index=1): OrderedDict([(u'stimulus', u'U'), (u'category', u'letter')])
12.7133 	EXP 	text: autoDraw = False
12.7133 	EXP 	text: autoDraw = False
12.7133 	EXP 	interStimInt: autoDraw = True
12.7448 	EXP 	interStimInt: autoDraw = False
12.7448 	EXP 	interStimInt: autoDraw = False
12.7448 	EXP 	text: text = u'U'
12.7448 	EXP 	text: autoDraw = True
12.7787 	EXP 	New trial (rep=2, index=2): OrderedDict([(u'stimulus', 5), (u'category', u'number')])
12.7947 	EXP 	text: autoDraw = False
12.7947 	EXP 	text: autoDraw = False
12.7947 	EXP 	interStimInt: autoDraw = True
12.8278 	EXP 	interStimInt: autoDraw = False
12.8278 	EXP 	interStimInt: autoDraw = False
12.8278 	EXP 	text: text = 5
12.8278 	EXP 	text: autoDraw = True
12.8620 	EXP 	New trial (rep=2, index=3): OrderedDict([(u'stimulus', u'R'), (u'category', u'letter')])
12.8782 	EXP 	text: autoDraw = False
12.8782 	EXP 	text: autoDraw = False
12.8782 	EXP 	interStimInt: autoDraw = True
12.8787 	DATA 	Keypress: lcommand
12.9134 	EXP 	interStimInt: autoDraw = False
12.9134 	EXP 	interStimInt: autoDraw = False
12.9134 	EXP 	text: text = u'R'
12.9134 	EXP 	text: autoDraw = True
12.9454 	EXP 	New trial (rep=2, index=4): OrderedDict([(u'stimulus', u'L'), (u'category', u'letter')])
12.9614 	EXP 	text: autoDraw = False
12.9614 	EXP 	text: autoDraw = False
12.9614 	EXP 	interStimInt: autoDraw = True
12.9948 	EXP 	interStimInt: autoDraw = False
12.9948 	EXP 	interStimInt: autoDraw = False
12.9948 	EXP 	text: text = u'L'
12.9948 	EXP 	text: autoDraw = True
13.0286 	DATA 	Keypress: c
13.0292 	EXP 	New trial (rep=2, index=5): OrderedDict([(u'stimulus', 1), (u'category', u'number')])
13.0450 	EXP 	text: autoDraw = False
13.0450 	EXP 	text: autoDraw = False
13.0450 	EXP 	interStimInt: autoDraw = True
13.0781 	EXP 	interStimInt: autoDraw = False
13.0781 	EXP 	interStimInt: autoDraw = False
13.0781 	EXP 	text: text = 1
13.0781 	EXP 	text: autoDraw = True
13.1143 	EXP 	New trial (rep=2, index=6): OrderedDict([(u'stimulus', u'Y'), (u'category', u'letter')])
13.1283 	EXP 	text: autoDraw = False
13.1283 	EXP 	text: autoDraw = False
13.1283 	EXP 	interStimInt: autoDraw = True
13.1614 	EXP 	interStimInt: autoDraw = False
13.1614 	EXP 	interStimInt: autoDraw = False
13.1614 	EXP 	text: text = u'Y'
13.1614 	EXP 	text: autoDraw = True
13.1954 	EXP 	New trial (rep=2, index=7): OrderedDict([(u'stimulus', u'G'), (u'category', u'letter')])
13.2131 	EXP 	text: autoDraw = False
13.2131 	EXP 	text: autoDraw = False
13.2131 	EXP 	interStimInt: autoDraw = True
13.2448 	EXP 	interStimInt: autoDraw = False
13.2448 	EXP 	interStimInt: autoDraw = False
13.2448 	EXP 	text: text = u'G'
13.2448 	EXP 	text: autoDraw = True
13.2788 	EXP 	New trial (rep=2, index=8): OrderedDict([(u'stimulus', 4), (u'category', u'number')])
13.2948 	EXP 	text: autoDraw = False
13.2948 	EXP 	text: autoDraw = False
13.2948 	EXP 	interStimInt: autoDraw = True
13.3283 	EXP 	interStimInt: autoDraw = False
13.3283 	EXP 	interStimInt: autoDraw = False
13.3283 	EXP 	text: text = 4
13.3283 	EXP 	text: autoDraw = True
13.3623 	EXP 	New trial (rep=2, index=9): OrderedDict([(u'stimulus', u'E'), (u'category', u'letter')])
13.3780 	EXP 	text: autoDraw = False
13.3780 	EXP 	text: autoDraw = False
13.3780 	EXP 	interStimInt: autoDraw = True
13.4129 	EXP 	interStimInt: autoDraw = False
13.4129 	EXP 	interStimInt: autoDraw = False
13.4129 	EXP 	text: text = u'E'
13.4129 	EXP 	text: autoDraw = True
13.4460 	EXP 	New trial (rep=2, index=10): OrderedDict([(u'stimulus', 2), (u'category', u'number')])
13.4615 	EXP 	text: autoDraw = False
13.4615 	EXP 	text: autoDraw = False
13.4615 	EXP 	interStimInt: autoDraw = True
13.4949 	EXP 	interStimInt: autoDraw = False
13.4949 	EXP 	interStimInt: autoDraw = False
13.4949 	EXP 	text: text = 2
13.4949 	EXP 	text: autoDraw = True
13.5291 	EXP 	New trial (rep=2, index=11): OrderedDict([(u'stimulus', None), (u'category', u'blank')])
13.5449 	EXP 	text: autoDraw = False
13.5449 	EXP 	text: autoDraw = False
13.5449 	EXP 	interStimInt: autoDraw = True
13.5782 	EXP 	interStimInt: autoDraw = False
13.5782 	EXP 	interStimInt: autoDraw = False
13.5782 	EXP 	text: text = '2'
13.5782 	EXP 	text: autoDraw = True
13.6152 	EXP 	New trial (rep=2, index=12): OrderedDict([(u'stimulus', u'Z'), (u'category', u'letter')])
13.6282 	EXP 	text: autoDraw = False
13.6282 	EXP 	text: autoDraw = False
13.6282 	EXP 	interStimInt: autoDraw = True
13.6615 	EXP 	interStimInt: autoDraw = False
13.6615 	EXP 	interStimInt: autoDraw = False
13.6615 	EXP 	text: text = u'Z'
13.6615 	EXP 	text: autoDraw = True
13.6959 	EXP 	New trial (rep=2, index=13): OrderedDict([(u'stimulus', u'I'), (u'category', u'letter')])
13.7133 	EXP 	text: autoDraw = False
13.7133 	EXP 	text: autoDraw = False
13.7133 	EXP 	interStimInt: autoDraw = True
13.7450 	EXP 	interStimInt: autoDraw = False
13.7450 	EXP 	interStimInt: autoDraw = False
13.7450 	EXP 	text: text = u'I'
13.7450 	EXP 	text: autoDraw = True
13.7788 	EXP 	New trial (rep=2, index=14): OrderedDict([(u'stimulus', u'J'), (u'category', u'letter')])
13.7948 	EXP 	text: autoDraw = False
13.7948 	EXP 	text: autoDraw = False
13.7948 	EXP 	interStimInt: autoDraw = True
13.8302 	EXP 	interStimInt: autoDraw = False
13.8302 	EXP 	interStimInt: autoDraw = False
13.8302 	EXP 	text: text = u'J'
13.8302 	EXP 	text: autoDraw = True
13.8623 	EXP 	New trial (rep=2, index=15): OrderedDict([(u'stimulus', u'M'), (u'category', u'letter')])
13.8781 	EXP 	text: autoDraw = False
13.8781 	EXP 	text: autoDraw = False
13.8781 	EXP 	interStimInt: autoDraw = True
13.9115 	EXP 	interStimInt: autoDraw = False
13.9115 	EXP 	interStimInt: autoDraw = False
13.9115 	EXP 	text: text = u'M'
13.9115 	EXP 	text: autoDraw = True
13.9456 	EXP 	New trial (rep=2, index=16): OrderedDict([(u'stimulus', u'V'), (u'category', u'letter')])
13.9614 	EXP 	text: autoDraw = False
13.9614 	EXP 	text: autoDraw = False
13.9614 	EXP 	interStimInt: autoDraw = True
13.9949 	EXP 	interStimInt: autoDraw = False
13.9949 	EXP 	interStimInt: autoDraw = False
13.9949 	EXP 	text: text = u'V'
13.9949 	EXP 	text: autoDraw = True
14.0312 	EXP 	New trial (rep=2, index=17): OrderedDict([(u'stimulus', u'F'), (u'category', u'letter')])
14.0451 	EXP 	text: autoDraw = False
14.0451 	EXP 	text: autoDraw = False
14.0451 	EXP 	interStimInt: autoDraw = True
14.0664 	DATA 	Keypress: lctrl
14.0783 	EXP 	interStimInt: autoDraw = False
14.0783 	EXP 	interStimInt: autoDraw = False
14.0783 	EXP 	text: text = u'F'
14.0783 	EXP 	text: autoDraw = True
14.1122 	EXP 	New trial (rep=2, index=18): OrderedDict([(u'stimulus', u'W'), (u'category', u'letter')])
14.1300 	EXP 	text: autoDraw = False
14.1300 	EXP 	text: autoDraw = False
14.1300 	EXP 	interStimInt: autoDraw = True
14.1615 	EXP 	interStimInt: autoDraw = False
14.1615 	EXP 	interStimInt: autoDraw = False
14.1615 	EXP 	text: text = u'W'
14.1615 	EXP 	text: autoDraw = True
14.1956 	EXP 	New trial (rep=2, index=19): OrderedDict([(u'stimulus', u'N'), (u'category', u'letter')])
14.2116 	EXP 	text: autoDraw = False
14.2116 	EXP 	text: autoDraw = False
14.2116 	EXP 	interStimInt: autoDraw = True
14.2449 	EXP 	interStimInt: autoDraw = False
14.2449 	EXP 	interStimInt: autoDraw = False
14.2449 	EXP 	text: text = u'N'
14.2449 	EXP 	text: autoDraw = True
14.2783 	EXP 	New trial (rep=2, index=20): OrderedDict([(u'stimulus', u'H'), (u'category', u'letter')])
14.2951 	EXP 	text: autoDraw = False
14.2951 	EXP 	text: autoDraw = False
14.2951 	EXP 	interStimInt: autoDraw = True
14.3304 	EXP 	interStimInt: autoDraw = False
14.3304 	EXP 	interStimInt: autoDraw = False
14.3304 	EXP 	text: text = u'H'
14.3304 	EXP 	text: autoDraw = True
14.3621 	EXP 	New trial (rep=2, index=21): OrderedDict([(u'stimulus', u'T'), (u'category', u'letter')])
14.3781 	EXP 	text: autoDraw = False
14.3781 	EXP 	text: autoDraw = False
14.3781 	EXP 	interStimInt: autoDraw = True
14.4118 	EXP 	interStimInt: autoDraw = False
14.4118 	EXP 	interStimInt: autoDraw = False
14.4118 	EXP 	text: text = u'T'
14.4118 	EXP 	text: autoDraw = True
14.4456 	EXP 	New trial (rep=2, index=22): OrderedDict([(u'stimulus', u'P'), (u'category', u'letter')])
14.4615 	EXP 	text: autoDraw = False
14.4615 	EXP 	text: autoDraw = False
14.4615 	EXP 	interStimInt: autoDraw = True
14.4949 	EXP 	interStimInt: autoDraw = False
14.4949 	EXP 	interStimInt: autoDraw = False
14.4949 	EXP 	text: text = u'P'
14.4949 	EXP 	text: autoDraw = True
14.5313 	DATA 	Keypress: q
14.5318 	EXP 	New trial (rep=2, index=23): OrderedDict([(u'stimulus', u'Q'), (u'category', u'letter')])
14.5450 	EXP 	text: autoDraw = False
14.5450 	EXP 	text: autoDraw = False
14.5450 	EXP 	interStimInt: autoDraw = True
14.5782 	EXP 	interStimInt: autoDraw = False
14.5782 	EXP 	interStimInt: autoDraw = False
14.5782 	EXP 	text: text = u'Q'
14.5782 	EXP 	text: autoDraw = True
14.6115 	EXP 	New trial (rep=2, index=24): OrderedDict([(u'stimulus', u'B'), (u'category', u'letter')])
14.6304 	EXP 	text: autoDraw = False
14.6304 	EXP 	text: autoDraw = False
14.6304 	EXP 	interStimInt: autoDraw = True
14.6616 	EXP 	interStimInt: autoDraw = False
14.6616 	EXP 	interStimInt: autoDraw = False
14.6616 	EXP 	text: text = u'B'
14.6616 	EXP 	text: autoDraw = True
14.6957 	EXP 	New trial (rep=2, index=25): OrderedDict([(u'stimulus', 3), (u'category', u'number')])
14.7116 	EXP 	text: autoDraw = False
14.7116 	EXP 	text: autoDraw = False
14.7116 	EXP 	interStimInt: autoDraw = True
14.7449 	EXP 	interStimInt: autoDraw = False
14.7449 	EXP 	interStimInt: autoDraw = False
14.7449 	EXP 	text: text = 3
14.7449 	EXP 	text: autoDraw = True
14.7788 	EXP 	New trial (rep=2, index=26): OrderedDict([(u'stimulus', 9), (u'category', u'number')])
14.7948 	EXP 	text: autoDraw = False
14.7948 	EXP 	text: autoDraw = False
14.7948 	EXP 	interStimInt: autoDraw = True
14.8302 	EXP 	interStimInt: autoDraw = False
14.8302 	EXP 	interStimInt: autoDraw = False
14.8302 	EXP 	text: text = 9
14.8302 	EXP 	text: autoDraw = True
14.8621 	EXP 	New trial (rep=2, index=27): OrderedDict([(u'stimulus', 7), (u'category', u'number')])
14.8782 	EXP 	text: autoDraw = False
14.8782 	EXP 	text: autoDraw = False
14.8782 	EXP 	interStimInt: autoDraw = True
14.9117 	EXP 	interStimInt: autoDraw = False
14.9117 	EXP 	interStimInt: autoDraw = False
14.9117 	EXP 	text: text = 7
14.9117 	EXP 	text: autoDraw = True
14.9456 	EXP 	New trial (rep=2, index=28): OrderedDict([(u'stimulus', 8), (u'category', u'number')])
14.9615 	EXP 	text: autoDraw = False
14.9615 	EXP 	text: autoDraw = False
14.9615 	EXP 	interStimInt: autoDraw = True
14.9942 	EXP 	interStimInt: autoDraw = False
14.9942 	EXP 	interStimInt: autoDraw = False
14.9942 	EXP 	text: text = 8
14.9942 	EXP 	text: autoDraw = True
15.0307 	EXP 	New trial (rep=2, index=29): OrderedDict([(u'stimulus', u'A'), (u'category', u'letter')])
15.0449 	EXP 	text: autoDraw = False
15.0449 	EXP 	text: autoDraw = False
15.0449 	EXP 	interStimInt: autoDraw = True
15.0783 	EXP 	interStimInt: autoDraw = False
15.0783 	EXP 	interStimInt: autoDraw = False
15.0783 	EXP 	text: text = u'A'
15.0783 	EXP 	text: autoDraw = True
15.1122 	EXP 	New trial (rep=2, index=30): OrderedDict([(u'stimulus', u'X'), (u'category', u'letter')])
15.1284 	EXP 	text: autoDraw = False
15.1284 	EXP 	text: autoDraw = False
15.1284 	EXP 	interStimInt: autoDraw = True
15.1617 	EXP 	interStimInt: autoDraw = False
15.1617 	EXP 	interStimInt: autoDraw = False
15.1617 	EXP 	text: text = u'X'
15.1617 	EXP 	text: autoDraw = True
15.1955 	EXP 	New trial (rep=2, index=31): OrderedDict([(u'stimulus', u'K'), (u'category', u'letter')])
15.2116 	EXP 	text: autoDraw = False
15.2116 	EXP 	text: autoDraw = False
15.2116 	EXP 	interStimInt: autoDraw = True
15.2468 	EXP 	interStimInt: autoDraw = False
15.2468 	EXP 	interStimInt: autoDraw = False
15.2468 	EXP 	text: text = u'K'
15.2468 	EXP 	text: autoDraw = True
15.2792 	EXP 	New trial (rep=2, index=32): OrderedDict([(u'stimulus', u'S'), (u'category', u'letter')])
15.2950 	EXP 	text: autoDraw = False
15.2950 	EXP 	text: autoDraw = False
15.2950 	EXP 	interStimInt: autoDraw = True
15.3283 	EXP 	interStimInt: autoDraw = False
15.3283 	EXP 	interStimInt: autoDraw = False
15.3283 	EXP 	text: text = u'S'
15.3283 	EXP 	text: autoDraw = True
15.3624 	EXP 	New trial (rep=2, index=33): OrderedDict([(u'stimulus', u'O'), (u'category', u'letter')])
15.3782 	EXP 	text: autoDraw = False
15.3782 	EXP 	text: autoDraw = False
15.3782 	EXP 	interStimInt: autoDraw = True
15.4117 	EXP 	interStimInt: autoDraw = False
15.4117 	EXP 	interStimInt: autoDraw = False
15.4117 	EXP 	text: text = u'O'
15.4117 	EXP 	text: autoDraw = True
15.4476 	EXP 	New trial (rep=2, index=34): OrderedDict([(u'stimulus', u'probe'), (u'category', u'probe')])
15.4616 	EXP 	text: autoDraw = False
15.4616 	EXP 	text: autoDraw = False
15.4616 	EXP 	interStimInt: autoDraw = True
15.4949 	EXP 	interStimInt: autoDraw = False
15.4949 	EXP 	interStimInt: autoDraw = False
15.4949 	EXP 	text: text = u'probe'
15.4949 	EXP 	text: autoDraw = True
15.5294 	EXP 	New trial (rep=2, index=35): OrderedDict([(u'stimulus', 6), (u'category', u'number')])
15.5468 	EXP 	text: autoDraw = False
15.5468 	EXP 	text: autoDraw = False
15.5468 	EXP 	interStimInt: autoDraw = True
15.5783 	EXP 	interStimInt: autoDraw = False
15.5783 	EXP 	interStimInt: autoDraw = False
15.5783 	EXP 	text: text = 6
15.5783 	EXP 	text: autoDraw = True
15.6123 	EXP 	New trial (rep=2, index=36): OrderedDict([(u'stimulus', u'D'), (u'category', u'letter')])
15.6283 	EXP 	text: autoDraw = False
15.6283 	EXP 	text: autoDraw = False
15.6283 	EXP 	interStimInt: autoDraw = True
15.6618 	EXP 	interStimInt: autoDraw = False
15.6618 	EXP 	interStimInt: autoDraw = False
15.6618 	EXP 	text: text = u'D'
15.6618 	EXP 	text: autoDraw = True
15.6956 	EXP 	New trial (rep=3, index=0): OrderedDict([(u'stimulus', u'K'), (u'category', u'letter')])
15.7111 	EXP 	text: autoDraw = False
15.7111 	EXP 	text: autoDraw = False
15.7111 	EXP 	interStimInt: autoDraw = True
15.7129 	DATA 	Keypress: q
15.7470 	EXP 	interStimInt: autoDraw = False
15.7470 	EXP 	interStimInt: autoDraw = False
15.7470 	EXP 	text: text = u'K'
15.7470 	EXP 	text: autoDraw = True
15.7791 	EXP 	New trial (rep=3, index=1): OrderedDict([(u'stimulus', u'D'), (u'category', u'letter')])
15.7949 	EXP 	text: autoDraw = False
15.7949 	EXP 	text: autoDraw = False
15.7949 	EXP 	interStimInt: autoDraw = True
15.8285 	EXP 	interStimInt: autoDraw = False
15.8285 	EXP 	interStimInt: autoDraw = False
15.8285 	EXP 	text: text = u'D'
15.8285 	EXP 	text: autoDraw = True
15.8623 	EXP 	New trial (rep=3, index=2): OrderedDict([(u'stimulus', u'W'), (u'category', u'letter')])
15.8782 	EXP 	text: autoDraw = False
15.8782 	EXP 	text: autoDraw = False
15.8782 	EXP 	interStimInt: autoDraw = True
15.9118 	EXP 	interStimInt: autoDraw = False
15.9118 	EXP 	interStimInt: autoDraw = False
15.9118 	EXP 	text: text = u'W'
15.9118 	EXP 	text: autoDraw = True
15.9477 	EXP 	New trial (rep=3, index=3): OrderedDict([(u'stimulus', u'Y'), (u'category', u'letter')])
15.9616 	EXP 	text: autoDraw = False
15.9616 	EXP 	text: autoDraw = False
15.9616 	EXP 	interStimInt: autoDraw = True
15.9950 	EXP 	interStimInt: autoDraw = False
15.9950 	EXP 	interStimInt: autoDraw = False
15.9950 	EXP 	text: text = u'Y'
15.9950 	EXP 	text: autoDraw = True
16.0292 	EXP 	New trial (rep=3, index=4): OrderedDict([(u'stimulus', 3), (u'category', u'number')])
16.0464 	EXP 	text: autoDraw = False
16.0464 	EXP 	text: autoDraw = False
16.0464 	EXP 	interStimInt: autoDraw = True
16.0783 	EXP 	interStimInt: autoDraw = False
16.0783 	EXP 	interStimInt: autoDraw = False
16.0783 	EXP 	text: text = 3
16.0783 	EXP 	text: autoDraw = True
16.1123 	EXP 	New trial (rep=3, index=5): OrderedDict([(u'stimulus', 2), (u'category', u'number')])
16.1284 	EXP 	text: autoDraw = False
16.1284 	EXP 	text: autoDraw = False
16.1284 	EXP 	interStimInt: autoDraw = True
16.1617 	EXP 	interStimInt: autoDraw = False
16.1617 	EXP 	interStimInt: autoDraw = False
16.1617 	EXP 	text: text = 2
16.1617 	EXP 	text: autoDraw = True
16.1956 	EXP 	New trial (rep=3, index=6): OrderedDict([(u'stimulus', 7), (u'category', u'number')])
16.2116 	EXP 	text: autoDraw = False
16.2116 	EXP 	text: autoDraw = False
16.2116 	EXP 	interStimInt: autoDraw = True
16.2469 	EXP 	interStimInt: autoDraw = False
16.2469 	EXP 	interStimInt: autoDraw = False
16.2469 	EXP 	text: text = 7
16.2469 	EXP 	text: autoDraw = True
16.2789 	EXP 	New trial (rep=3, index=7): OrderedDict([(u'stimulus', u'probe'), (u'category', u'probe')])
16.2949 	EXP 	text: autoDraw = False
16.2949 	EXP 	text: autoDraw = False
16.2949 	EXP 	interStimInt: autoDraw = True
16.3284 	EXP 	interStimInt: autoDraw = False
16.3284 	EXP 	interStimInt: autoDraw = False
16.3284 	EXP 	text: text = u'probe'
16.3284 	EXP 	text: autoDraw = True
16.3624 	EXP 	New trial (rep=3, index=8): OrderedDict([(u'stimulus', u'R'), (u'category', u'letter')])
16.3783 	EXP 	text: autoDraw = False
16.3783 	EXP 	text: autoDraw = False
16.3783 	EXP 	interStimInt: autoDraw = True
16.4117 	EXP 	interStimInt: autoDraw = False
16.4117 	EXP 	interStimInt: autoDraw = False
16.4117 	EXP 	text: text = u'R'
16.4117 	EXP 	text: autoDraw = True
16.4457 	EXP 	New trial (rep=3, index=9): OrderedDict([(u'stimulus', u'P'), (u'category', u'letter')])
16.4637 	EXP 	text: autoDraw = False
16.4637 	EXP 	text: autoDraw = False
16.4637 	EXP 	interStimInt: autoDraw = True
16.4950 	EXP 	interStimInt: autoDraw = False
16.4950 	EXP 	interStimInt: autoDraw = False
16.4950 	EXP 	text: text = u'P'
16.4950 	EXP 	text: autoDraw = True
16.5292 	EXP 	New trial (rep=3, index=10): OrderedDict([(u'stimulus', u'J'), (u'category', u'letter')])
16.5453 	EXP 	text: autoDraw = False
16.5453 	EXP 	text: autoDraw = False
16.5453 	EXP 	interStimInt: autoDraw = True
16.5785 	EXP 	interStimInt: autoDraw = False
16.5785 	EXP 	interStimInt: autoDraw = False
16.5785 	EXP 	text: text = u'J'
16.5785 	EXP 	text: autoDraw = True
16.6123 	EXP 	New trial (rep=3, index=11): OrderedDict([(u'stimulus', u'I'), (u'category', u'letter')])
16.6285 	EXP 	text: autoDraw = False
16.6285 	EXP 	text: autoDraw = False
16.6285 	EXP 	interStimInt: autoDraw = True
16.6636 	EXP 	interStimInt: autoDraw = False
16.6636 	EXP 	interStimInt: autoDraw = False
16.6636 	EXP 	text: text = u'I'
16.6636 	EXP 	text: autoDraw = True
16.6957 	EXP 	New trial (rep=3, index=12): OrderedDict([(u'stimulus', u'C'), (u'category', u'letter')])
16.7116 	EXP 	text: autoDraw = False
16.7116 	EXP 	text: autoDraw = False
16.7116 	EXP 	interStimInt: autoDraw = True
16.7301 	DATA 	Keypress: escape
