3.5043 	WARNING 	unknown type:participant
3.5043 	WARNING 	unknown type:session
4.0870 	EXP 	Created window1 = Window(allowGUI=False, allowStencil=False, autoLog=True, bitsMode=UNKNOWN, blendMode='avg', color=array([0., 0., 0.]), colorSpace='rgb', fullscr=UNKNOWN, gamma=None, lms=UNKNOWN, monitor=<psychopy.monitors.calibTools.Monitor object at 0x11cc90350>, multiSample=False, name='window1', numSamples=2, pos=[0.0, 0.0], screen=0, size=array([2560, 1080]), stereo=False, units=u'norm', useFBO=True, useRetina=True, viewOri=0.0, viewPos=None, viewScale=None, waitBlanking=True, winType='pyglet')
4.0870 	EXP 	window1: recordFrameIntervals = False
4.2531 	EXP 	window1: recordFrameIntervals = True
4.5198 	EXP 	window1: recordFrameIntervals = False
4.5961 	EXP 	Created instrTxt = TextStim(alignHoriz='center', alignVert='center', antialias=True, autoLog=True, bold=False, color=u'white', colorSpace='named', contrast=1.0, depth=0.0, flipHoriz=False, flipVert=False, font=u'Arial', fontFiles=[], height=0.1, italic=False, name='instrTxt', opacity=1.0, ori=0, pos=array([0., 0.]), rgb=array([255., 255., 255.]), text=newstr(...), units=u'norm', win=Window(...), wrapWidth=1)
4.5968 	EXP 	Created interStimInt = TextStim(alignHoriz='center', alignVert='center', antialias=True, autoLog=True, bold=False, color=u'white', colorSpace='named', contrast=1.0, depth=0.0, flipHoriz=False, flipVert=False, font=u'Arial', fontFiles=[], height=0.1, italic=False, name='interStimInt', opacity=1.0, ori=0, pos=array([0., 0.]), rgb=array([255., 255., 255.]), text='', units=u'norm', win=Window(...), wrapWidth=1)
4.6081 	EXP 	Created text = TextStim(alignHoriz='center', alignVert='center', antialias=True, autoLog=True, bold=False, color=u'white', colorSpace='named', contrast=1.0, depth=0.0, flipHoriz=False, flipVert=False, font=u'Arial', fontFiles=[], height=0.1, italic=False, name='text', opacity=1.0, ori=0, pos=array([0., 0.]), rgb=array([255., 255., 255.]), text='default text', units=u'norm', win=Window(...), wrapWidth=1)
4.6199 	EXP 	instrTxt: autoDraw = True
4.9353 	DATA 	Keypress: space
4.9547 	EXP 	Imported stimuli.xlsx as conditions, 37 conditions, 2 params
4.9552 	EXP 	Created sequence: random, trialTypes=37, nReps=1, seed=None
4.9555 	EXP 	New trial (rep=0, index=0): OrderedDict([(u'stimulus', u'X'), (u'category', u'letter')])
4.9655 	EXP 	instrTxt: autoDraw = False
4.9655 	EXP 	interStimInt: autoDraw = True
5.0033 	EXP 	interStimInt: autoDraw = False
5.0033 	EXP 	text: text = u'X'
5.0033 	EXP 	text: autoDraw = True
5.0387 	EXP 	New trial (rep=0, index=1): OrderedDict([(u'stimulus', u'S'), (u'category', u'letter')])
5.0532 	EXP 	text: autoDraw = False
5.0532 	EXP 	interStimInt: autoDraw = True
5.0865 	EXP 	interStimInt: autoDraw = False
5.0865 	EXP 	text: text = u'S'
5.0865 	EXP 	text: autoDraw = True
5.1194 	EXP 	New trial (rep=0, index=2): OrderedDict([(u'stimulus', 1), (u'category', u'number')])
5.1385 	EXP 	text: autoDraw = False
5.1385 	EXP 	interStimInt: autoDraw = True
5.1698 	EXP 	interStimInt: autoDraw = False
5.1698 	EXP 	text: text = 1
5.1698 	EXP 	text: autoDraw = True
5.2034 	EXP 	New trial (rep=0, index=3): OrderedDict([(u'stimulus', u'Q'), (u'category', u'letter')])
5.2197 	EXP 	text: autoDraw = False
5.2197 	EXP 	interStimInt: autoDraw = True
5.2532 	EXP 	interStimInt: autoDraw = False
5.2532 	EXP 	text: text = u'Q'
5.2532 	EXP 	text: autoDraw = True
5.2867 	EXP 	New trial (rep=0, index=4): OrderedDict([(u'stimulus', u'R'), (u'category', u'letter')])
5.3031 	EXP 	text: autoDraw = False
5.3031 	EXP 	interStimInt: autoDraw = True
5.3383 	EXP 	interStimInt: autoDraw = False
5.3383 	EXP 	text: text = u'R'
5.3383 	EXP 	text: autoDraw = True
5.3701 	EXP 	New trial (rep=0, index=5): OrderedDict([(u'stimulus', u'I'), (u'category', u'letter')])
5.3865 	EXP 	text: autoDraw = False
5.3865 	EXP 	interStimInt: autoDraw = True
5.4199 	EXP 	interStimInt: autoDraw = False
5.4199 	EXP 	text: text = u'I'
5.4199 	EXP 	text: autoDraw = True
5.4528 	EXP 	New trial (rep=0, index=6): OrderedDict([(u'stimulus', u'T'), (u'category', u'letter')])
5.4698 	EXP 	text: autoDraw = False
5.4698 	EXP 	interStimInt: autoDraw = True
5.5032 	EXP 	interStimInt: autoDraw = False
5.5032 	EXP 	text: text = u'T'
5.5032 	EXP 	text: autoDraw = True
5.5382 	EXP 	New trial (rep=0, index=7): OrderedDict([(u'stimulus', u'A'), (u'category', u'letter')])
5.5530 	EXP 	text: autoDraw = False
5.5530 	EXP 	interStimInt: autoDraw = True
5.5866 	EXP 	interStimInt: autoDraw = False
5.5866 	EXP 	text: text = u'A'
5.5866 	EXP 	text: autoDraw = True
5.6201 	EXP 	New trial (rep=0, index=8): OrderedDict([(u'stimulus', 8), (u'category', u'number')])
5.6367 	EXP 	text: autoDraw = False
5.6367 	EXP 	interStimInt: autoDraw = True
5.6699 	EXP 	interStimInt: autoDraw = False
5.6699 	EXP 	text: text = 8
5.6699 	EXP 	text: autoDraw = True
5.7036 	EXP 	New trial (rep=0, index=9): OrderedDict([(u'stimulus', 6), (u'category', u'number')])
5.7192 	EXP 	text: autoDraw = False
5.7192 	EXP 	interStimInt: autoDraw = True
5.7549 	EXP 	interStimInt: autoDraw = False
5.7549 	EXP 	text: text = 6
5.7549 	EXP 	text: autoDraw = True
5.7871 	EXP 	New trial (rep=0, index=10): OrderedDict([(u'stimulus', u'U'), (u'category', u'letter')])
5.8032 	EXP 	text: autoDraw = False
5.8032 	EXP 	interStimInt: autoDraw = True
5.8367 	EXP 	interStimInt: autoDraw = False
5.8367 	EXP 	text: text = u'U'
5.8367 	EXP 	text: autoDraw = True
5.8713 	EXP 	New trial (rep=0, index=11): OrderedDict([(u'stimulus', u'Z'), (u'category', u'letter')])
5.8869 	EXP 	text: autoDraw = False
5.8869 	EXP 	interStimInt: autoDraw = True
5.9199 	EXP 	interStimInt: autoDraw = False
5.9199 	EXP 	text: text = u'Z'
5.9199 	EXP 	text: autoDraw = True
5.9555 	EXP 	New trial (rep=0, index=12): OrderedDict([(u'stimulus', None), (u'category', u'blank')])
5.9699 	EXP 	text: autoDraw = False
5.9699 	EXP 	interStimInt: autoDraw = True
6.0032 	EXP 	interStimInt: autoDraw = False
6.0032 	EXP 	text: text = 'Z'
6.0032 	EXP 	text: autoDraw = True
6.0368 	EXP 	New trial (rep=0, index=13): OrderedDict([(u'stimulus', u'P'), (u'category', u'letter')])
6.0551 	EXP 	text: autoDraw = False
6.0551 	EXP 	interStimInt: autoDraw = True
6.0861 	EXP 	interStimInt: autoDraw = False
6.0861 	EXP 	text: text = u'P'
6.0861 	EXP 	text: autoDraw = True
6.1197 	EXP 	New trial (rep=0, index=14): OrderedDict([(u'stimulus', u'L'), (u'category', u'letter')])
6.1366 	EXP 	text: autoDraw = False
6.1366 	EXP 	interStimInt: autoDraw = True
6.1698 	EXP 	interStimInt: autoDraw = False
6.1698 	EXP 	text: text = u'L'
6.1698 	EXP 	text: autoDraw = True
6.2029 	EXP 	New trial (rep=0, index=15): OrderedDict([(u'stimulus', u'M'), (u'category', u'letter')])
6.2198 	EXP 	text: autoDraw = False
6.2198 	EXP 	interStimInt: autoDraw = True
6.2551 	EXP 	interStimInt: autoDraw = False
6.2551 	EXP 	text: text = u'M'
6.2551 	EXP 	text: autoDraw = True
6.2871 	EXP 	New trial (rep=0, index=16): OrderedDict([(u'stimulus', u'G'), (u'category', u'letter')])
6.3031 	EXP 	text: autoDraw = False
6.3031 	EXP 	interStimInt: autoDraw = True
6.3366 	EXP 	interStimInt: autoDraw = False
6.3366 	EXP 	text: text = u'G'
6.3366 	EXP 	text: autoDraw = True
6.3703 	EXP 	New trial (rep=0, index=17): OrderedDict([(u'stimulus', 9), (u'category', u'number')])
6.3865 	EXP 	text: autoDraw = False
6.3865 	EXP 	interStimInt: autoDraw = True
6.4199 	EXP 	interStimInt: autoDraw = False
6.4199 	EXP 	text: text = 9
6.4199 	EXP 	text: autoDraw = True
6.4555 	EXP 	New trial (rep=0, index=18): OrderedDict([(u'stimulus', u'H'), (u'category', u'letter')])
6.4699 	EXP 	text: autoDraw = False
6.4699 	EXP 	interStimInt: autoDraw = True
6.5033 	EXP 	interStimInt: autoDraw = False
6.5033 	EXP 	text: text = u'H'
6.5033 	EXP 	text: autoDraw = True
6.5368 	EXP 	New trial (rep=0, index=19): OrderedDict([(u'stimulus', u'Y'), (u'category', u'letter')])
6.5546 	EXP 	text: autoDraw = False
6.5546 	EXP 	interStimInt: autoDraw = True
6.5867 	EXP 	interStimInt: autoDraw = False
6.5867 	EXP 	text: text = u'Y'
6.5867 	EXP 	text: autoDraw = True
6.6199 	EXP 	New trial (rep=0, index=20): OrderedDict([(u'stimulus', u'V'), (u'category', u'letter')])
6.6367 	EXP 	text: autoDraw = False
6.6367 	EXP 	interStimInt: autoDraw = True
6.6700 	EXP 	interStimInt: autoDraw = False
6.6700 	EXP 	text: text = u'V'
6.6700 	EXP 	text: autoDraw = True
6.7035 	EXP 	New trial (rep=0, index=21): OrderedDict([(u'stimulus', 2), (u'category', u'number')])
6.7198 	EXP 	text: autoDraw = False
6.7198 	EXP 	interStimInt: autoDraw = True
6.7552 	EXP 	interStimInt: autoDraw = False
6.7552 	EXP 	text: text = 2
6.7552 	EXP 	text: autoDraw = True
6.7867 	EXP 	New trial (rep=0, index=22): OrderedDict([(u'stimulus', u'O'), (u'category', u'letter')])
6.8030 	EXP 	text: autoDraw = False
6.8030 	EXP 	interStimInt: autoDraw = True
6.8366 	EXP 	interStimInt: autoDraw = False
6.8366 	EXP 	interStimInt: autoDraw = False
6.8366 	EXP 	text: text = u'O'
6.8366 	EXP 	text: autoDraw = True
6.8706 	EXP 	New trial (rep=0, index=23): OrderedDict([(u'stimulus', u'K'), (u'category', u'letter')])
6.8865 	EXP 	text: autoDraw = False
6.8865 	EXP 	interStimInt: autoDraw = True
6.9196 	EXP 	interStimInt: autoDraw = False
6.9196 	EXP 	interStimInt: autoDraw = False
6.9196 	EXP 	text: text = u'K'
6.9196 	EXP 	text: autoDraw = True
6.9555 	EXP 	New trial (rep=0, index=24): OrderedDict([(u'stimulus', u'B'), (u'category', u'letter')])
6.9699 	EXP 	text: autoDraw = False
6.9699 	EXP 	interStimInt: autoDraw = True
7.0034 	EXP 	interStimInt: autoDraw = False
7.0034 	EXP 	interStimInt: autoDraw = False
7.0034 	EXP 	text: text = u'B'
7.0034 	EXP 	text: autoDraw = True
7.0370 	EXP 	New trial (rep=0, index=25): OrderedDict([(u'stimulus', u'E'), (u'category', u'letter')])
7.0544 	EXP 	text: autoDraw = False
7.0544 	EXP 	text: autoDraw = False
7.0544 	EXP 	interStimInt: autoDraw = True
7.0866 	EXP 	interStimInt: autoDraw = False
7.0866 	EXP 	interStimInt: autoDraw = False
7.0866 	EXP 	text: text = u'E'
7.0866 	EXP 	text: autoDraw = True
7.1201 	EXP 	New trial (rep=0, index=26): OrderedDict([(u'stimulus', u'C'), (u'category', u'letter')])
7.1366 	EXP 	text: autoDraw = False
7.1366 	EXP 	text: autoDraw = False
7.1366 	EXP 	interStimInt: autoDraw = True
7.1700 	EXP 	interStimInt: autoDraw = False
7.1700 	EXP 	interStimInt: autoDraw = False
7.1700 	EXP 	text: text = u'C'
7.1700 	EXP 	text: autoDraw = True
7.2038 	EXP 	New trial (rep=0, index=27): OrderedDict([(u'stimulus', u'J'), (u'category', u'letter')])
7.2199 	EXP 	text: autoDraw = False
7.2199 	EXP 	text: autoDraw = False
7.2199 	EXP 	interStimInt: autoDraw = True
7.2534 	EXP 	interStimInt: autoDraw = False
7.2534 	EXP 	interStimInt: autoDraw = False
7.2534 	EXP 	text: text = u'J'
7.2534 	EXP 	text: autoDraw = True
7.2871 	EXP 	New trial (rep=0, index=28): OrderedDict([(u'stimulus', u'probe'), (u'category', u'probe')])
7.3032 	EXP 	text: autoDraw = False
7.3032 	EXP 	text: autoDraw = False
7.3032 	EXP 	interStimInt: autoDraw = True
7.3366 	EXP 	interStimInt: autoDraw = False
7.3366 	EXP 	interStimInt: autoDraw = False
7.3366 	EXP 	text: text = u'probe'
7.3366 	EXP 	text: autoDraw = True
7.3724 	EXP 	New trial (rep=0, index=29): OrderedDict([(u'stimulus', 4), (u'category', u'number')])
7.3866 	EXP 	text: autoDraw = False
7.3866 	EXP 	text: autoDraw = False
7.3866 	EXP 	interStimInt: autoDraw = True
7.4199 	EXP 	interStimInt: autoDraw = False
7.4199 	EXP 	interStimInt: autoDraw = False
7.4199 	EXP 	text: text = 4
7.4199 	EXP 	text: autoDraw = True
7.4538 	EXP 	New trial (rep=0, index=30): OrderedDict([(u'stimulus', u'F'), (u'category', u'letter')])
7.4719 	EXP 	text: autoDraw = False
7.4719 	EXP 	text: autoDraw = False
7.4719 	EXP 	interStimInt: autoDraw = True
7.5033 	EXP 	interStimInt: autoDraw = False
7.5033 	EXP 	interStimInt: autoDraw = False
7.5033 	EXP 	text: text = u'F'
7.5033 	EXP 	text: autoDraw = True
7.5371 	EXP 	New trial (rep=0, index=31): OrderedDict([(u'stimulus', u'D'), (u'category', u'letter')])
7.5533 	EXP 	text: autoDraw = False
7.5533 	EXP 	text: autoDraw = False
7.5533 	EXP 	interStimInt: autoDraw = True
7.5867 	EXP 	interStimInt: autoDraw = False
7.5867 	EXP 	interStimInt: autoDraw = False
7.5867 	EXP 	text: text = u'D'
7.5867 	EXP 	text: autoDraw = True
7.6205 	EXP 	New trial (rep=0, index=32): OrderedDict([(u'stimulus', u'N'), (u'category', u'letter')])
7.6366 	EXP 	text: autoDraw = False
7.6366 	EXP 	text: autoDraw = False
7.6366 	EXP 	interStimInt: autoDraw = True
7.6718 	EXP 	interStimInt: autoDraw = False
7.6718 	EXP 	interStimInt: autoDraw = False
7.6718 	EXP 	text: text = u'N'
7.6718 	EXP 	text: autoDraw = True
7.7040 	EXP 	New trial (rep=0, index=33): OrderedDict([(u'stimulus', 7), (u'category', u'number')])
7.7199 	EXP 	text: autoDraw = False
7.7199 	EXP 	text: autoDraw = False
7.7199 	EXP 	interStimInt: autoDraw = True
7.7535 	EXP 	interStimInt: autoDraw = False
7.7535 	EXP 	interStimInt: autoDraw = False
7.7535 	EXP 	text: text = 7
7.7535 	EXP 	text: autoDraw = True
7.7872 	EXP 	New trial (rep=0, index=34): OrderedDict([(u'stimulus', 5), (u'category', u'number')])
7.8033 	EXP 	text: autoDraw = False
7.8033 	EXP 	text: autoDraw = False
7.8033 	EXP 	interStimInt: autoDraw = True
7.8366 	EXP 	interStimInt: autoDraw = False
7.8366 	EXP 	interStimInt: autoDraw = False
7.8366 	EXP 	text: text = 5
7.8366 	EXP 	text: autoDraw = True
7.8727 	EXP 	New trial (rep=0, index=35): OrderedDict([(u'stimulus', u'W'), (u'category', u'letter')])
7.8867 	EXP 	text: autoDraw = False
7.8867 	EXP 	text: autoDraw = False
7.8867 	EXP 	interStimInt: autoDraw = True
7.9199 	EXP 	interStimInt: autoDraw = False
7.9199 	EXP 	interStimInt: autoDraw = False
7.9199 	EXP 	text: text = u'W'
7.9199 	EXP 	text: autoDraw = True
7.9539 	EXP 	New trial (rep=0, index=36): OrderedDict([(u'stimulus', 3), (u'category', u'number')])
7.9715 	EXP 	text: autoDraw = False
7.9715 	EXP 	text: autoDraw = False
7.9715 	EXP 	interStimInt: autoDraw = True
8.0026 	EXP 	interStimInt: autoDraw = False
8.0026 	EXP 	interStimInt: autoDraw = False
8.0026 	EXP 	text: text = 3
8.0026 	EXP 	text: autoDraw = True
8.0525 	EXP 	window1: mouseVisible = True
